ThemingCodelab/app/build/intermediates/manifest_merge_blame_file/debug/manifest-merger-blame-debug-report.txt
1<?xml version="1.0" encoding="utf-8"?>
2<!--
3  Copyright 2022 The Android Open Source Project
4  Licensed under the Apache License, Version 2.0 (the "License"); you may not use this file except
5  in compliance with the License. You may obtain a copy of the License at
6  http://www.apache.org/licenses/LICENSE-2.0
7  Unless required by applicable law or agreed to in writing, software distributed under the License
8  is distributed on an "AS IS" BASIS, WITHOUT WARRANTIES OR CONDITIONS OF ANY KIND, either express
9  or implied. See the License for the specific language governing permissions and limitations under
10  the License.
11-->
12<manifest xmlns:android="http://schemas.android.com/apk/res/android"
13    package="com.example.jetnews"
14    android:versionCode="1"
15    android:versionName="1.0" >
16
17    <uses-sdk
18        android:minSdkVersion="21"
18-->src/main/AndroidManifest.xml
19        android:targetSdkVersion="33" />
19-->src/main/AndroidManifest.xml
20
21    <permission
21-->[androidx.core:core:1.9.0] AndroidManifest.xml:22:5-24:47
22        android:name="com.example.jetnews.DYNAMIC_RECEIVER_NOT_EXPORTED_PERMISSION"
22-->[androidx.core:core:1.9.0] AndroidManifest.xml:23:9-81
23        android:protectionLevel="signature" />
23-->[androidx.core:core:1.9.0] AndroidManifest.xml:24:9-44
24
25    <uses-permission android:name="com.example.jetnews.DYNAMIC_RECEIVER_NOT_EXPORTED_PERMISSION" />
25-->[androidx.core:core:1.9.0] AndroidManifest.xml:26:5-97
25-->[androidx.core:core:1.9.0] AndroidManifest.xml:26:22-94
26
27    <application
27-->src/main/AndroidManifest.xml:15:5-34:19
28        android:allowBackup="true"
28-->src/main/AndroidManifest.xml:16:9-35
29        android:appComponentFactory="androidx.core.app.CoreComponentFactory"
29-->[androidx.core:core:1.9.0] AndroidManifest.xml:28:18-86
30        android:debuggable="true"
31        android:icon="@mipmap/ic_launcher"
31-->src/main/AndroidManifest.xml:17:9-43
32        android:label="@string/app_name"
32-->src/main/AndroidManifest.xml:18:9-41
33        android:roundIcon="@mipmap/ic_launcher_round"
33-->src/main/AndroidManifest.xml:19:9-54
34        android:supportsRtl="true"
34-->src/main/AndroidManifest.xml:20:9-35
35        android:testOnly="true"
36        android:theme="@style/Theme.Reply" >
36-->src/main/AndroidManifest.xml:21:9-43
37        <activity
37-->src/main/AndroidManifest.xml:23:9-33:20
38            android:name="com.example.reply.ui.MainActivity"
38-->src/main/AndroidManifest.xml:24:13-44
39            android:exported="true"
39-->src/main/AndroidManifest.xml:25:13-36
40            android:label="@string/app_name"
40-->src/main/AndroidManifest.xml:26:13-45
41            android:theme="@style/Theme.Reply" >
41-->src/main/AndroidManifest.xml:27:13-47
42            <intent-filter>
42-->src/main/AndroidManifest.xml:28:13-32:29
43                <action android:name="android.intent.action.MAIN" />
43-->src/main/AndroidManifest.xml:29:17-69
43-->src/main/AndroidManifest.xml:29:25-66
44
45                <category android:name="android.intent.category.LAUNCHER" />
45-->src/main/AndroidManifest.xml:31:17-77
45-->src/main/AndroidManifest.xml:31:27-74
46            </intent-filter>
47        </activity>
48        <activity
48-->[androidx.compose.ui:ui-tooling:1.3.3] AndroidManifest.xml:23:9-25:39
49            android:name="androidx.compose.ui.tooling.PreviewActivity"
49-->[androidx.compose.ui:ui-tooling:1.3.3] AndroidManifest.xml:24:13-71
50            android:exported="true" />
50-->[androidx.compose.ui:ui-tooling:1.3.3] AndroidManifest.xml:25:13-36
51        <activity
51-->[androidx.compose.ui:ui-test-manifest:1.3.3] AndroidManifest.xml:23:9-25:39
52            android:name="androidx.activity.ComponentActivity"
52-->[androidx.compose.ui:ui-test-manifest:1.3.3] AndroidManifest.xml:24:13-63
53            android:exported="true" />
53-->[androidx.compose.ui:ui-test-manifest:1.3.3] AndroidManifest.xml:25:13-36
54
55        <provider
55-->[androidx.emoji2:emoji2:1.2.0] AndroidManifest.xml:24:9-32:20
56            android:name="androidx.startup.InitializationProvider"
56-->[androidx.emoji2:emoji2:1.2.0] AndroidManifest.xml:25:13-67
57            android:authorities="com.example.jetnews.androidx-startup"
57-->[androidx.emoji2:emoji2:1.2.0] AndroidManifest.xml:26:13-68
58            android:exported="false" >
58-->[androidx.emoji2:emoji2:1.2.0] AndroidManifest.xml:27:13-37
59            <meta-data
59-->[androidx.emoji2:emoji2:1.2.0] AndroidManifest.xml:29:13-31:52
60                android:name="androidx.emoji2.text.EmojiCompatInitializer"
60-->[androidx.emoji2:emoji2:1.2.0] AndroidManifest.xml:30:17-75
61                android:value="androidx.startup" />
61-->[androidx.emoji2:emoji2:1.2.0] AndroidManifest.xml:31:17-49
62            <meta-data
62-->[androidx.lifecycle:lifecycle-process:2.4.1] AndroidManifest.xml:31:13-33:52
63                android:name="androidx.lifecycle.ProcessLifecycleInitializer"
63-->[androidx.lifecycle:lifecycle-process:2.4.1] AndroidManifest.xml:32:17-78
64                android:value="androidx.startup" />
64-->[androidx.lifecycle:lifecycle-process:2.4.1] AndroidManifest.xml:33:17-49
65            <meta-data
65-->[androidx.profileinstaller:profileinstaller:1.2.0] AndroidManifest.xml:30:13-32:52
66                android:name="androidx.profileinstaller.ProfileInstallerInitializer"
66-->[androidx.profileinstaller:profileinstaller:1.2.0] AndroidManifest.xml:31:17-85
67                android:value="androidx.startup" />
67-->[androidx.profileinstaller:profileinstaller:1.2.0] AndroidManifest.xml:32:17-49
68        </provider>
69
70        <receiver
70-->[androidx.profileinstaller:profileinstaller:1.2.0] AndroidManifest.xml:35:9-47:20
71            android:name="androidx.profileinstaller.ProfileInstallReceiver"
71-->[androidx.profileinstaller:profileinstaller:1.2.0] AndroidManifest.xml:36:13-76
72            android:directBootAware="false"
72-->[androidx.profileinstaller:profileinstaller:1.2.0] AndroidManifest.xml:37:13-44
73            android:enabled="true"
73-->[androidx.profileinstaller:profileinstaller:1.2.0] AndroidManifest.xml:38:13-35
74            android:exported="true"
74-->[androidx.profileinstaller:profileinstaller:1.2.0] AndroidManifest.xml:39:13-36
75            android:permission="android.permission.DUMP" >
75-->[androidx.profileinstaller:profileinstaller:1.2.0] AndroidManifest.xml:40:13-57
76            <intent-filter>
76-->[androidx.profileinstaller:profileinstaller:1.2.0] AndroidManifest.xml:41:13-43:29
77                <action android:name="androidx.profileinstaller.action.INSTALL_PROFILE" />
77-->[androidx.profileinstaller:profileinstaller:1.2.0] AndroidManifest.xml:42:17-91
77-->[androidx.profileinstaller:profileinstaller:1.2.0] AndroidManifest.xml:42:25-88
78            </intent-filter>
79            <intent-filter>
79-->[androidx.profileinstaller:profileinstaller:1.2.0] AndroidManifest.xml:44:13-46:29
80                <action android:name="androidx.profileinstaller.action.SKIP_FILE" />
80-->[androidx.profileinstaller:profileinstaller:1.2.0] AndroidManifest.xml:45:17-85
80-->[androidx.profileinstaller:profileinstaller:1.2.0] AndroidManifest.xml:45:25-82
81            </intent-filter>
82        </receiver>
83    </application>
84
85</manifest>